<?xml version="1.0" encoding="UTF-8"?>
<!-- Generated by org.testng.reporters.JUnitXMLReporter -->
<testsuite ignored="2" hostname="DESKTOP-SEKDPB4" failures="0" tests="6" name="Sanity Test" time="0.072" errors="0" timestamp="2023-09-28T20:07:16 IST">
  <testcase classname="tests.TestClass2" name="test1" time="0.01"/>
  <testcase classname="tests.TestClass2" name="test2" time="0.002"/>
  <testcase classname="tests.TestClass2" name="test3" time="0.002"/>
  <testcase classname="tests.TestClass1" name="test1" time="0.001"/>
  <testcase classname="tests.TestClass1" name="test2" time="0.001"/>
  <testcase classname="tests.TestClass1" name="test4" time="0.003"/>
  <testcase classname="tests.TestClass1" name="test3" time="0.0">
    <ignored/>
  </testcase> <!-- test3 -->
  <testcase classname="tests.TestClass2" name="test4" time="0.0">
    <ignored/>
  </testcase> <!-- test4 -->
</testsuite> <!-- Sanity Test -->
