<?xml version="1.0" encoding="UTF-8"?>
<!-- Generated by org.testng.reporters.JUnitXMLReporter -->
<testsuite ignored="4" hostname="DESKTOP-SEKDPB4" failures="0" tests="4" name="Test345678" time="0.06" errors="0" timestamp="2023-09-25T20:35:55 IST">
  <testcase classname="tests.TestClass1" name="test1" time="0.009"/>
  <testcase classname="tests.TestClass1" name="test2" time="0.002"/>
  <testcase classname="tests.TestClass2" name="test1" time="0.001"/>
  <testcase classname="tests.TestClass2" name="test2" time="0.001"/>
  <testcase classname="tests.TestClass2" name="test3" time="0.0">
    <ignored/>
  </testcase> <!-- test3 -->
  <testcase classname="tests.TestClass1" name="test3" time="0.0">
    <ignored/>
  </testcase> <!-- test3 -->
  <testcase classname="tests.TestClass1" name="test4" time="0.0">
    <ignored/>
  </testcase> <!-- test4 -->
  <testcase classname="tests.TestClass2" name="test4" time="0.0">
    <ignored/>
  </testcase> <!-- test4 -->
</testsuite> <!-- Test345678 -->
